<?xml version="1.0"?>
<project>
  <signals>
    <signal>
      <name>incidentResolved</name>
      <kind>E</kind>
      <type>boolean</type>
      <auto_signal value="False"/>
      <notes></notes>
    </signal>
    <signal>
      <name>ambulanceAvailableAtDeparturePoint</name>
      <kind>E</kind>
      <type>boolean</type>
      <auto_signal value="False"/>
      <notes></notes>
    </signal>
    <signal>
      <name>ambulanceAvailableAtStation</name>
      <kind>S</kind>
      <type>boolean</type>
      <auto_signal value="False"/>
      <notes></notes>
    </signal>
    <signal>
      <name>ambulanceAvailableAtOptimalParkingPoint</name>
      <kind>S</kind>
      <type>boolean</type>
      <auto_signal value="False"/>
      <notes></notes>
    </signal>
  </signals>
  <requirements>
    <requirement>
      <name>e_init</name>
      <property> incidentResolved </property>
      <kind>A</kind>
      <base_automaton_name></base_automaton_name>
      <notes></notes>
      <toggled>1</toggled>
    </requirement>
    <requirement>
      <name>ambulanceAvailableAtDeparturePoint_if_AmbulanceAvailableAtStation</name>
      <property>G(ambulanceAvailableAtStation -> X(ambulanceAvailableAtDeparturePoint))</property>
      <kind>A</kind>
      <base_automaton_name></base_automaton_name>
      <notes></notes>
      <toggled>1</toggled>
    </requirement>
    <requirement>
      <name>ambulanceAvailableAtDeparturePoint_if_AmbulanceAvailableAtOptimalParkingPoint</name>
      <property>G(ambulanceAvailableAtOptimalParkingPoint -> ambulanceAvailableAtDeparturePoint)</property>
      <kind>A</kind>
      <base_automaton_name></base_automaton_name>
      <notes></notes>
      <toggled>1</toggled>
    </requirement>
    <requirement>
      <name>ambulanceAvailableAtStation_if_IncidentResolved</name>
      <property>G(incidentResolved -> ambulanceAvailableAtStation)</property>
      <kind>G</kind>
      <base_automaton_name></base_automaton_name>
      <notes></notes>
      <toggled>1</toggled>
    </requirement>
  </requirements>
  <property_assurance>
    <possibilities/>
    <assertions/>
  </property_assurance>
  <property_simulation/>
  <categories>
    <category>
      <name>New</name>
      <editable>no</editable>
      <notes>This is the category of those traces that have been just created</notes>
    </category>
    <category>
      <name>Default</name>
      <editable>no</editable>
      <notes>This is the default category for traces</notes>
    </category>
    <category>
      <name>Out of Date</name>
      <editable>no</editable>
      <notes>Contains the traces whose dependencies might be no longer consistent</notes>
    </category>
    <category>
      <name>Trash</name>
      <editable>no</editable>
      <notes>Contains the traces that have been deleted</notes>
    </category>
  </categories>
  <automata/>
  <active_view>ga</active_view>
  <notes></notes>
</project>
